[21 51 20 27 38 49 50 45 30 48 42 46 36]
before inference, memory: 2.0523 GB

Algorithm: time-series classification by stacking per-pixel features into a vector...
Train data size: (13, 30000, 71, 7), (13,), (323589, 497), (323589,)
Valid data size: (13, 10000, 71, 7), (13,), (107812, 497), (107812,)

Random forest:
accuracy: 0.9312228694393945
precision: [0.96756209 0.98049756 0.96316323 0.95751508 0.76759571 0.94977291
 0.92659167 0.9559941  0.91320029 0.87183357 0.93997032 0.95759417
 0.98729029]
recall: [0.97909988 0.96422424 0.96305474 0.9669475  0.82880562 0.97530864
 0.9369137  0.96518951 0.94725028 0.7957497  0.89701339 0.97500928
 0.95184414]
f1 Score: [0.97329679 0.97229282 0.96310898 0.96220818 0.79702719 0.96237141
 0.9317241  0.9605698  0.92991369 0.83205596 0.91798959 0.96622326
 0.96924325]
memory: 3.6731 GB
time: 1047.9216725826263 s

Support vector machine:
accuracy: 0.8341279263903832
precision: [0.9270147  0.88873609 0.77548721 0.92671031 0.63702418 0.82540743
 0.90003479 0.94193036 0.71519596 0.67360138 0.77215702 0.9490887
 0.95932893]
recall: [0.86909005 0.86337139 0.78809388 0.94157538 0.67821268 0.88715004
 0.87329808 0.9300112  0.76524312 0.66599169 0.78518519 0.95384052
 0.86978566]
f1 Score: [0.89711833 0.87587014 0.78173972 0.93408371 0.65697349 0.85516573
 0.88646488 0.93593283 0.7393736  0.66977492 0.77861661 0.95145868
 0.91236553]
memory: 3.6860 GB
time: 5922.255024433136 s

Logistics regression:
accuracy: 0.6301061106370348
precision: [0.67169285 0.51143893 0.45612256 0.85265049 0.62899902 0.59511087
 0.76725038 0.83032778 0.43387834 0.35280802 0.598678   0.72417983
 0.81049822]
recall: [0.67399873 0.48929554 0.45099131 0.84227209 0.53788371 0.64574576
 0.76476708 0.76173135 0.5171969  0.58021627 0.56028279 0.7194592
 0.64071134]
f1 Score: [0.67284382 0.50012225 0.45354243 0.84742952 0.57988402 0.6193952
 0.76600672 0.79455177 0.47188808 0.43879877 0.5788444  0.7218118
 0.71567252]
memory: 3.7299 GB
time: 24.81129240989685 s

KNN neighborhood:
accuracy: 0.9364634734537899
precision: [0.9808667  0.9936242  0.99335361 0.95173919 0.72009543 0.96780657
 0.91174765 0.96291256 0.90971387 0.90815997 0.95737218 0.96804374
 0.98462125]
recall: [0.90824827 0.95528846 0.96318951 0.9330565  0.89427609 0.96087533
 0.94837153 0.95910529 0.9574845  0.83989632 0.9645284  0.96254682
 0.94579416]
f1 Score: [0.94316174 0.97407929 0.97803904 0.94230525 0.79778926 0.9643285
 0.92969905 0.96100515 0.9329881  0.87269526 0.96093697 0.96528745
 0.96481724]
memory: 3.7446 GB
time: 529.6722288131714 s

stacking inference, memory: 3.3454 GB
stacking inference time: 7526.581991434097
