[21 51 20 27 38 49 50 45 30 48 42 46 36]
before inference, memory: 2.0516 GB

Algorithm: time-series classification by aggregating predictions across time...
Train data size: (13, 30000, 71, 7), (13,), (323589, 71, 7), (323589,)
Valid data size: (13, 10000, 71, 7), (13,), (107812, 71, 7), (107812,)
Transpose data size: (71, 323589, 7), (71, 107812, 7)

Random forest:
accuracy: 0.800040811783475
precision: [0.92980233 0.94074259 0.90717585 0.86214863 0.58258323 0.81111408
 0.81862461 0.89179993 0.55722529 0.58768999 0.68069607 0.90255164
 0.9778851 ]
recall: [0.80717193 0.81342558 0.74009742 0.85884158 0.60962324 0.86495726
 0.85037947 0.89240722 0.90157557 0.62861755 0.88666315 0.95169763
 0.73178619]
f1 Score: [0.86415828 0.87246377 0.81516348 0.86049193 0.5957966  0.83717083
 0.83419995 0.89210347 0.68875845 0.60746518 0.77014652 0.92647334
 0.83712327]
memory: 6.9359 GB
time: 5909.311905145645 s

Support vector machine:
accuracy: 0.49648462137795424
precision: [7.03497212e-01 6.25078135e-04 4.41027374e-01 7.55615454e-01
 5.59917579e-01 3.83382314e-01 6.42351850e-01 7.63184757e-01
 8.35537389e-02 4.92508354e-01 9.44287063e-03 7.93681652e-01
 7.62709710e-01]
recall: [0.44558587 1.         0.45233969 0.56200477 0.27411733 0.45012547
 0.8326819  0.57724972 0.70060484 0.30488456 0.82352941 0.94311291
 0.61814998]
f1 Score: [0.54559748 0.00124938 0.44661191 0.64458557 0.36804962 0.41408166
 0.72523732 0.65732148 0.14930183 0.37662284 0.01867165 0.86196886
 0.68286299]
memory: 6.9545 GB
time: 10061.364168643951 s

Logistics regression:
accuracy: 0.4997124624346084
precision: [0.75025342 0.01750219 0.52968345 0.6621743  0.54657846 0.42759818
 0.61150412 0.74628558 0.15748978 0.53541015 0.03750169 0.73888214
 0.66382816]
recall: [0.42862314 0.8974359  0.42784349 0.65778401 0.30102132 0.49651
 0.77715549 0.56172102 0.75287356 0.29472497 0.65258216 0.95718558
 0.65714645]
f1 Score: [0.54556344 0.03433476 0.47334776 0.65997186 0.38822986 0.45948468
 0.68444964 0.64098193 0.26048916 0.38017604 0.07092741 0.83398478
 0.66047041]
memory: 7.0496 GB
time: 1042.5050165653229 s

KNN neighborhood:
accuracy: 0.5575075130783215
precision: [0.98593512 0.97649706 0.88036499 0.67064562 0.58713805 0.34517766
 0.51768526 0.60519451 0.06600144 0.15220438 0.13220019 0.62102066
 0.7147941 ]
recall: [0.31456177 0.38277957 0.46141584 0.72128658 0.48030518 0.91533829
 0.93820933 0.98052187 0.96825397 0.81665703 0.99898063 0.99474504
 0.97317875]
f1 Score: [0.47695231 0.5499736  0.6054854  0.6950449  0.52837554 0.50130954
 0.66721471 0.74843958 0.12357907 0.25658732 0.23350012 0.76466188
 0.82421045]
memory: 7.0498 GB
time: 218.26823687553406 s

aggregate prediction inference, memory: 5.4502 GB
aggregate prediction inference time: 17233.33264708519
