[21 51 20 27 38 49 50 45 30 48 42 46 36]
before inference, memory: 2.0522 GB

Algorithm: time-series classification by aggregating features across time...
Train data size: (13, 30000, 71, 7), (13,), (323589, 35), (323589,)
Valid data size: (13, 10000, 71, 7), (13,), (107812, 35), (107812,)

Random forest:
accuracy: 0.8187029273179238
precision: [0.90116574 0.92549069 0.86741016 0.87472725 0.59180132 0.84584558
 0.77444045 0.81433594 0.736956   0.7045381  0.81586402 0.89501823
 0.95437214]
recall: [0.85831523 0.86534191 0.86458567 0.88864259 0.68702002 0.89764673
 0.81618186 0.90280397 0.80562492 0.65288183 0.81224819 0.82959793
 0.80577315]
f1 Score: [0.87921869 0.89440619 0.86599561 0.88163001 0.63586577 0.87097662
 0.79476346 0.856291   0.76976204 0.67772708 0.81405209 0.86106727
 0.87379997]
memory: 2.2586 GB
time: 194.71869707107544 s

Support vector machine:
accuracy: 0.5091733758765258
precision: [0.22453117 0.37879735 0.31283091 0.80259274 0.55330224 0.56051296
 0.56720399 0.62572304 0.42558307 0.37609141 0.38918117 0.72867558
 0.69217082]
recall: [0.60108548 0.44782737 0.43939873 0.67121082 0.48118457 0.48207721
 0.57826909 0.60189832 0.47741065 0.44707842 0.41026735 0.47781053
 0.50759623]
f1 Score: [0.32693727 0.41043007 0.36546687 0.73104577 0.51472962 0.51834466
 0.5726831  0.61357949 0.45000953 0.40852409 0.39944618 0.57716183
 0.58568586]
memory: 2.2681 GB
time: 1322.5391132831573 s

Logistics regression:
accuracy: 0.25023188513338035
precision: [0.13722757 0.09926241 0.00991326 0.67513798 0.4039692  0.09911835
 0.11573698 0.39911535 0.12286607 0.2755201  0.34803723 0.24811665
 0.32651246]
recall: [0.24502262 0.29374769 0.26586103 0.32459118 0.2510277  0.30623194
 0.12405221 0.19679007 0.21146286 0.22468354 0.2298441  0.40220603
 0.30391577]
f1 Score: [0.17592593 0.14838348 0.01911381 0.4384064  0.30964256 0.14976284
 0.11975042 0.26360538 0.15542544 0.24751852 0.27685374 0.30690614
 0.31480914]
memory: 2.3639 GB
time: 21.19201350212097 s

KNN neighborhood:
accuracy: 0.7349645679516195
precision: [0.86619361 0.92349044 0.8901656  0.76986266 0.532914   0.77731766
 0.63864084 0.73596461 0.57177206 0.5445726  0.70457305 0.79015796
 0.87086934]
recall: [0.60223769 0.69668962 0.71816777 0.77323708 0.5946273  0.77462726
 0.73280106 0.82672952 0.78378378 0.67812081 0.82996981 0.86683551
 0.79259688]
f1 Score: [0.71049213 0.79421568 0.79496982 0.77154618 0.56208178 0.77597013
 0.68248854 0.77871115 0.66119839 0.60405333 0.76214796 0.8267226
 0.8298916 ]
memory: 2.3635 GB
time: 430.0817370414734 s

aggregate feature inference, memory: 2.3635 GB
aggregate feature inference time: 2362.9532990455627
